
state 0
	$accept: .program $end 
	program: .    (1)

	.  reduce 1 (src line 27)

	program  goto 1

state 1
	$accept:  program.$end 
	program:  program.expr 

	$end  accept
	IDENTIFIER  shift 4
	NUMBER  shift 7
	BOOLEAN  shift 8
	STRING  shift 9
	\'  shift 5
	(  shift 6
	.  error

	expr  goto 2
	const  goto 3

state 2
	program:  program expr.    (2)

	.  reduce 2 (src line 31)


state 3
	expr:  const.    (5)

	.  reduce 5 (src line 51)


state 4
	expr:  IDENTIFIER.    (6)

	.  reduce 6 (src line 54)


state 5
	expr:  \'.expr 

	IDENTIFIER  shift 4
	NUMBER  shift 7
	BOOLEAN  shift 8
	STRING  shift 9
	\'  shift 5
	(  shift 6
	.  error

	expr  goto 10
	const  goto 3

state 6
	expr:  (.expr list ) 
	const:  (.) 

	IDENTIFIER  shift 4
	NUMBER  shift 7
	BOOLEAN  shift 8
	STRING  shift 9
	\'  shift 5
	(  shift 6
	)  shift 12
	.  error

	expr  goto 11
	const  goto 3

state 7
	const:  NUMBER.    (9)

	.  reduce 9 (src line 68)


state 8
	const:  BOOLEAN.    (10)

	.  reduce 10 (src line 71)


state 9
	const:  STRING.    (11)

	.  reduce 11 (src line 73)


state 10
	expr:  \' expr.    (7)

	.  reduce 7 (src line 56)


state 11
	expr:  ( expr.list ) 
	list: .    (3)

	IDENTIFIER  shift 4
	NUMBER  shift 7
	BOOLEAN  shift 8
	STRING  shift 9
	\'  shift 5
	(  shift 6
	.  reduce 3 (src line 39)

	list  goto 13
	expr  goto 14
	const  goto 3

state 12
	const:  ( ).    (12)

	.  reduce 12 (src line 75)


state 13
	expr:  ( expr list.) 

	)  shift 15
	.  error


state 14
	list:  expr.list 
	list: .    (3)

	IDENTIFIER  shift 4
	NUMBER  shift 7
	BOOLEAN  shift 8
	STRING  shift 9
	\'  shift 5
	(  shift 6
	.  reduce 3 (src line 39)

	list  goto 16
	expr  goto 14
	const  goto 3

state 15
	expr:  ( expr list ).    (8)

	.  reduce 8 (src line 58)


state 16
	list:  expr list.    (4)

	.  reduce 4 (src line 41)


10 terminals, 5 nonterminals
13 grammar rules, 17/2000 states
0 shift/reduce, 0 reduce/reduce conflicts reported
54 working sets used
memory: parser 12/30000
9 extra closures
32 shift entries, 1 exceptions
8 goto entries
5 entries saved by goto default
Optimizer space used: output 23/30000
23 table entries, 1 zero
maximum spread: 10, maximum offset: 14
